<?xml version="1.0" encoding="UTF-8"?>
<!-- Generated by org.testng.reporters.JUnitReportReporter -->
<testsuite hostname="LAPTOP-2NS9LPOC" failures="0" tests="3" name="testCase.Inventory_PageTest" time="16.848" errors="0" timestamp="2024-11-15T19:09:42 IST" skipped="0">
  <testcase classname="testCase.Inventory_PageTest" name="add8Products" time="5.392"/>
  <system-out/>
  <testcase classname="testCase.Inventory_PageTest" name="remove2Products" time="5.871"/>
  <system-out/>
  <testcase classname="testCase.Inventory_PageTest" name="verifyTwitterlogo" time="5.585"/>
  <system-out/>
</testsuite> <!-- testCase.Inventory_PageTest -->
