<?xml version="1.0" encoding="UTF-8"?>
<!-- Generated by org.testng.reporters.JUnitReportReporter -->
<testsuite hostname="LAPTOP-2NS9LPOC" failures="0" tests="2" name="testCase.CheckOut_Page_One_Test" time="15.293" errors="0" timestamp="2024-11-15T19:09:42 IST" skipped="0">
  <testcase classname="testCase.CheckOut_Page_One_Test" name="verifyCheckLableTest" time="8.511"/>
  <system-out/>
  <testcase classname="testCase.CheckOut_Page_One_Test" name="inputInformation" time="6.782"/>
  <system-out/>
</testsuite> <!-- testCase.CheckOut_Page_One_Test -->
