<?xml version="1.0" encoding="UTF-8"?>
<!-- Generated by org.testng.reporters.JUnitReportReporter -->
<testsuite hostname="LAPTOP-2NS9LPOC" failures="0" tests="1" name="testCase.LoginTest" time="5.560" errors="0" timestamp="2024-11-15T19:09:42 IST" skipped="0">
  <testcase classname="testCase.LoginTest" name="verifyURLOfApplicationTest" time="5.560"/>
  <system-out>
    <![CDATA[ The URL of swag labs Page = https://www.saucedemo.com/]]>
  </system-out>
</testsuite> <!-- testCase.LoginTest -->
