<?xml version="1.0" encoding="UTF-8"?>
<!-- Generated by org.testng.reporters.JUnitReportReporter -->
<testsuite hostname="LAPTOP-2NS9LPOC" failures="0" tests="1" name="testCase.Cart_Page_Test" time="5.504" errors="0" timestamp="2024-11-15T19:09:42 IST" skipped="0">
  <testcase classname="testCase.Cart_Page_Test" name="verifyCheckOutBtnTest" time="5.504"/>
  <system-out/>
</testsuite> <!-- testCase.Cart_Page_Test -->
